22.03.2015 13:09:28	This log contains information about the import schema operation into project 'Database' on computer 'SQL_2014' by user 'Imato'.
22.03.2015 13:09:29	Import of database schema has started.
22.03.2015 13:09:29	Gathering database options
22.03.2015 13:09:29	Gathering users
22.03.2015 13:09:29	Gathering roles
22.03.2015 13:09:29	Gathering application roles
22.03.2015 13:09:29	Gathering role memberships
22.03.2015 13:09:29	Gathering filegroups
22.03.2015 13:09:29	Gathering full-text catalogs
22.03.2015 13:09:29	Gathering assemblies
22.03.2015 13:09:29	Gathering certificates
22.03.2015 13:09:29	Gathering asymmetric keys
22.03.2015 13:09:29	Gathering symmetric keys
22.03.2015 13:09:29	Gathering encrypted symmetric keys
22.03.2015 13:09:29	Gathering schemas
22.03.2015 13:09:29	Gathering XML schema collections
22.03.2015 13:09:29	Gathering user-defined data types
22.03.2015 13:09:29	Gathering user-defined types
22.03.2015 13:09:29	Gathering table types
22.03.2015 13:09:29	Gathering unique keys for table types
22.03.2015 13:09:29	Gathering primary keys for table types
22.03.2015 13:09:29	Gathering indexes for table types
22.03.2015 13:09:29	Gathering check constraints for table types
22.03.2015 13:09:29	Gathering default constraints for table types
22.03.2015 13:09:29	Gathering partition functions
22.03.2015 13:09:29	Gathering partition schemes
22.03.2015 13:09:29	Gathering functions
22.03.2015 13:09:29	Gathering encrypted functions
22.03.2015 13:09:29	Gathering aggregates
22.03.2015 13:09:29	Gathering procedures
22.03.2015 13:09:29	Gathering encrypted procedures
22.03.2015 13:09:29	Gathering tables
22.03.2015 13:09:29	Gathering primary keys
22.03.2015 13:09:29	Gathering unique constraints
22.03.2015 13:09:29	Gathering foreign keys
22.03.2015 13:09:29	Gathering default constraints
22.03.2015 13:09:29	Gathering check constraints
22.03.2015 13:09:29	Gathering views
22.03.2015 13:09:29	Gathering encrypted views
22.03.2015 13:09:29	Gathering indexes
22.03.2015 13:09:29	Gathering statistics
22.03.2015 13:09:29	Gathering full-text index stoplists
22.03.2015 13:09:29	Gathering search property lists
22.03.2015 13:09:29	Gathering search properties
22.03.2015 13:09:29	Gathering full-text indexes
22.03.2015 13:09:29	Gathering column store indexes
22.03.2015 13:09:29	Gathering spatial indexes
22.03.2015 13:09:29	Gathering XML indexes
22.03.2015 13:09:29	Gathering Selective XML indexes
22.03.2015 13:09:29	Gathering encrypted triggers
22.03.2015 13:09:29	Gathering triggers
22.03.2015 13:09:29	Gathering encrypted and clr ddl triggers
22.03.2015 13:09:29	Gathering ddl triggers
22.03.2015 13:09:29	Gathering synonyms
22.03.2015 13:09:29	Gathering defaults
22.03.2015 13:09:29	Gathering data constraint uddt bindings
22.03.2015 13:09:29	Gathering rules
22.03.2015 13:09:29	Gathering data constraint uddt bindings
22.03.2015 13:09:29	Gathering message types
22.03.2015 13:09:29	Gathering queues
22.03.2015 13:09:29	Gathering contracts
22.03.2015 13:09:29	Gathering services
22.03.2015 13:09:29	Gathering event notifications
22.03.2015 13:09:29	Gathering remote service bindings
22.03.2015 13:09:29	Gathering broker priorities
22.03.2015 13:09:29	Gathering signatures
22.03.2015 13:09:29	Gathering data compression options
22.03.2015 13:09:29	Gathering sequence types
22.03.2015 13:09:29	Gathering extended properties
22.03.2015 13:09:29	Finished importing database.
22.03.2015 13:09:29	A summary of the import was saved to the following location: C:\Data\SQL\Projects\PC_DWH\Project\PC_DWH\Database\Database\Import Schema Logs\Database_20150322080928.log
22.03.2015 13:09:29	Click Finish to continue...
